<?xml version="1.0" encoding="UTF-8"?>
<testng-results ignored="0" total="2" passed="1" failed="1" skipped="0">
  <reporter-output>
  </reporter-output>
  <suite started-at="2024-10-07T12:08:52 IST" name="Default suite" finished-at="2024-10-07T12:10:08 IST" duration-ms="76596">
    <groups>
      <group name="cucumber">
        <method signature="AbstractTestNGCucumberTests.runScenario(io.cucumber.testng.PickleWrapper,io.cucumber.testng.FeatureWrapper)[pri:0, instance:runner.TestRunner@544fa968]" name="runScenario" class="io.cucumber.testng.AbstractTestNGCucumberTests"/>
      </group> <!-- cucumber -->
    </groups>
    <test started-at="2024-10-07T12:08:52 IST" name="Default test" finished-at="2024-10-07T12:10:08 IST" duration-ms="76596">
      <class name="runner.TestRunner">
        <test-method is-config="true" signature="setUpClass(org.testng.ITestContext)[pri:0, instance:runner.TestRunner@544fa968]" started-at="2024-10-07T12:08:52 IST" name="setUpClass" finished-at="2024-10-07T12:08:52 IST" duration-ms="823" status="PASS">
          <params>
            <param index="0">
              <value>
                <![CDATA[org.testng.TestRunner@26fb628]]>
              </value>
            </param>
          </params>
          <reporter-output>
          </reporter-output>
        </test-method> <!-- setUpClass -->
        <test-method signature="runScenario(io.cucumber.testng.PickleWrapper,io.cucumber.testng.FeatureWrapper)[pri:0, instance:runner.TestRunner@544fa968]" started-at="2024-10-07T12:08:52 IST" name="runScenario" description="Runs Cucumber Scenarios" data-provider="scenarios" finished-at="2024-10-07T12:10:08 IST" duration-ms="75622" status="PASS">
          <params>
            <param index="0">
              <value>
                <![CDATA["test login feature of application"]]>
              </value>
            </param>
            <param index="1">
              <value>
                <![CDATA["to test the login functionality"]]>
              </value>
            </param>
          </params>
          <reporter-output>
          </reporter-output>
        </test-method> <!-- runScenario -->
        <test-method signature="runScenario(io.cucumber.testng.PickleWrapper,io.cucumber.testng.FeatureWrapper)[pri:0, instance:runner.TestRunner@544fa968]" started-at="2024-10-07T12:08:52 IST" name="runScenario" description="Runs Cucumber Scenarios" data-provider="scenarios" finished-at="2024-10-07T12:09:53 IST" duration-ms="60864" status="FAIL">
          <params>
            <param index="0">
              <value>
                <![CDATA["test negative scenario for login feature"]]>
              </value>
            </param>
            <param index="1">
              <value>
                <![CDATA["to test the login functionality"]]>
              </value>
            </param>
          </params>
          <exception class="java.lang.AssertionError">
            <message>
              <![CDATA[null]]>
            </message>
            <full-stacktrace>
              <![CDATA[java.lang.AssertionError: null
at org.testng.Assert.fail(Assert.java:110)
at org.testng.Assert.fail(Assert.java:115)
at stepDefinitions.TestSteps.user_clicks_on_login_button(TestSteps.java:135)
at âœ½.user clicks on the login button(file:///Users/sameermehta/git/repository/FabFunnel13/src/main/resource/features/test.feature:14)
]]>
            </full-stacktrace>
          </exception> <!-- java.lang.AssertionError -->
          <reporter-output>
          </reporter-output>
        </test-method> <!-- runScenario -->
        <test-method is-config="true" signature="tearDownClass()[pri:0, instance:runner.TestRunner@544fa968]" started-at="2024-10-07T12:10:08 IST" name="tearDownClass" finished-at="2024-10-07T12:10:08 IST" duration-ms="97" status="PASS">
          <reporter-output>
          </reporter-output>
        </test-method> <!-- tearDownClass -->
      </class> <!-- runner.TestRunner -->
    </test> <!-- Default test -->
  </suite> <!-- Default suite -->
</testng-results>
