<?xml version="1.0" encoding="UTF-8"?>
<!-- Generated by org.testng.reporters.JUnitReportReporter -->
<testsuite hostname="Sameers-MacBook-Pro.local" failures="1" tests="2" name="runner.TestRunner" time="136.486" errors="0" timestamp="2024-10-07T12:10:08 IST" skipped="0">
  <testcase classname="runner.TestRunner" name="runScenario" time="60.864">
    <failure message="null" type="java.lang.AssertionError">
      <![CDATA[java.lang.AssertionError: null
at org.testng.Assert.fail(Assert.java:110)
at org.testng.Assert.fail(Assert.java:115)
at stepDefinitions.TestSteps.user_clicks_on_login_button(TestSteps.java:135)
at âœ½.user clicks on the login button(file:///Users/sameermehta/git/repository/FabFunnel13/src/main/resource/features/test.feature:14)
]]>
    </failure>
  </testcase> <!-- runScenario -->
  <system-out/>
  <testcase classname="runner.TestRunner" name="runScenario" time="75.622"/>
  <system-out/>
</testsuite> <!-- runner.TestRunner -->
